<?xml version="1.0" encoding="UTF-8"?>
<testng-results total="13" passed="8" failed="5" skipped="0">
  <reporter-output>
  </reporter-output>
  <suite started-at="2020-09-04T17:12:33Z" name="API Regression" finished-at="2020-09-04T17:17:00Z" duration-ms="266687">
    <groups>
    </groups>
    <test started-at="2020-09-04T17:12:33Z" name="ResizeTo" finished-at="2020-09-04T17:12:51Z" duration-ms="17727">
      <class name="com.froalacharts.apitest.ResizeTo">
        <test-method is-config="true" signature="setUp()[pri:0, instance:com.froalacharts.apitest.ResizeTo@3c407114]" started-at="2020-09-04T22:42:33Z" name="setUp" finished-at="2020-09-04T22:42:43Z" duration-ms="9925" status="PASS">
          <reporter-output>
          </reporter-output>
        </test-method> <!-- setUp -->
        <test-method signature="resizeTo()[pri:0, instance:com.froalacharts.apitest.ResizeTo@3c407114]" started-at="2020-09-04T22:42:43Z" name="resizeTo" finished-at="2020-09-04T22:42:46Z" duration-ms="3043" status="PASS">
          <reporter-output>
          </reporter-output>
        </test-method> <!-- resizeTo -->
        <test-method is-config="true" signature="shutDown()[pri:0, instance:com.froalacharts.apitest.ResizeTo@3c407114]" started-at="2020-09-04T22:42:46Z" name="shutDown" finished-at="2020-09-04T22:42:51Z" duration-ms="4689" status="PASS">
          <reporter-output>
          </reporter-output>
        </test-method> <!-- shutDown -->
      </class> <!-- com.froalacharts.apitest.ResizeTo -->
    </test> <!-- ResizeTo -->
    <test started-at="2020-09-04T17:12:51Z" name="AddRemoveEventListener" finished-at="2020-09-04T17:13:45Z" duration-ms="54813">
      <class name="com.froalacharts.apitest.AddRemoveEventListener">
        <test-method is-config="true" signature="setUp()[pri:0, instance:com.froalacharts.apitest.AddRemoveEventListener@59fd97a8]" started-at="2020-09-04T22:42:51Z" name="setUp" finished-at="2020-09-04T22:42:59Z" duration-ms="8760" status="PASS">
          <reporter-output>
          </reporter-output>
        </test-method> <!-- setUp -->
        <test-method signature="addRemoveEventListener()[pri:0, instance:com.froalacharts.apitest.AddRemoveEventListener@59fd97a8]" started-at="2020-09-04T22:42:59Z" name="addRemoveEventListener" finished-at="2020-09-04T22:43:41Z" duration-ms="41807" status="PASS">
          <reporter-output>
          </reporter-output>
        </test-method> <!-- addRemoveEventListener -->
        <test-method is-config="true" signature="shutDown()[pri:0, instance:com.froalacharts.apitest.AddRemoveEventListener@59fd97a8]" started-at="2020-09-04T22:43:41Z" name="shutDown" finished-at="2020-09-04T22:43:45Z" duration-ms="4244" status="PASS">
          <reporter-output>
          </reporter-output>
        </test-method> <!-- shutDown -->
      </class> <!-- com.froalacharts.apitest.AddRemoveEventListener -->
    </test> <!-- AddRemoveEventListener -->
    <test started-at="2020-09-04T17:13:46Z" name="Clone" finished-at="2020-09-04T17:14:02Z" duration-ms="16446">
      <class name="com.froalacharts.apitest.Clone">
        <test-method is-config="true" signature="setUp()[pri:0, instance:com.froalacharts.apitest.Clone@14dd9eb7]" started-at="2020-09-04T22:43:46Z" name="setUp" finished-at="2020-09-04T22:43:53Z" duration-ms="7492" status="PASS">
          <reporter-output>
          </reporter-output>
        </test-method> <!-- setUp -->
        <test-method signature="cloneAPI()[pri:0, instance:com.froalacharts.apitest.Clone@14dd9eb7]" started-at="2020-09-04T22:43:53Z" name="cloneAPI" finished-at="2020-09-04T22:43:58Z" duration-ms="4711" status="FAIL">
          <exception class="javax.imageio.IIOException">
            <message>
              <![CDATA[Can't create an ImageOutputStream!]]>
            </message>
            <full-stacktrace>
              <![CDATA[javax.imageio.IIOException: Can't create an ImageOutputStream!
	at java.desktop/javax.imageio.ImageIO.write(ImageIO.java:1551)
	at com.froalacharts.main.APITestBase.capture(APITestBase.java:101)
	at com.froalacharts.apitest.Clone.cloneAPI(Clone.java:54)
	at java.base/jdk.internal.reflect.NativeMethodAccessorImpl.invoke0(Native Method)
	at java.base/jdk.internal.reflect.NativeMethodAccessorImpl.invoke(NativeMethodAccessorImpl.java:62)
	at java.base/jdk.internal.reflect.DelegatingMethodAccessorImpl.invoke(DelegatingMethodAccessorImpl.java:43)
	at java.base/java.lang.reflect.Method.invoke(Method.java:567)
	at org.testng.internal.MethodInvocationHelper.invokeMethod(MethodInvocationHelper.java:85)
	at org.testng.internal.Invoker.invokeMethod(Invoker.java:639)
	at org.testng.internal.Invoker.invokeTestMethod(Invoker.java:816)
	at org.testng.internal.Invoker.invokeTestMethods(Invoker.java:1124)
	at org.testng.internal.TestMethodWorker.invokeTestMethods(TestMethodWorker.java:125)
	at org.testng.internal.TestMethodWorker.run(TestMethodWorker.java:108)
	at org.testng.TestRunner.privateRun(TestRunner.java:774)
	at org.testng.TestRunner.run(TestRunner.java:624)
	at org.testng.SuiteRunner.runTest(SuiteRunner.java:359)
	at org.testng.SuiteRunner.runSequentially(SuiteRunner.java:354)
	at org.testng.SuiteRunner.privateRun(SuiteRunner.java:312)
	at org.testng.SuiteRunner.run(SuiteRunner.java:261)
	at org.testng.SuiteRunnerWorker.runSuite(SuiteRunnerWorker.java:52)
	at org.testng.SuiteRunnerWorker.run(SuiteRunnerWorker.java:86)
	at org.testng.TestNG.runSuitesSequentially(TestNG.java:1215)
	at org.testng.TestNG.runSuitesLocally(TestNG.java:1140)
	at org.testng.TestNG.run(TestNG.java:1048)
	at org.testng.remote.RemoteTestNG.run(RemoteTestNG.java:112)
	at org.testng.remote.RemoteTestNG.initAndRun(RemoteTestNG.java:205)
	at org.testng.remote.RemoteTestNG.main(RemoteTestNG.java:176)
]]>
            </full-stacktrace>
          </exception> <!-- javax.imageio.IIOException -->
          <reporter-output>
          </reporter-output>
        </test-method> <!-- cloneAPI -->
        <test-method is-config="true" signature="shutDown()[pri:0, instance:com.froalacharts.apitest.Clone@14dd9eb7]" started-at="2020-09-04T22:43:58Z" name="shutDown" finished-at="2020-09-04T22:44:02Z" duration-ms="4238" status="PASS">
          <reporter-output>
          </reporter-output>
        </test-method> <!-- shutDown -->
      </class> <!-- com.froalacharts.apitest.Clone -->
    </test> <!-- Clone -->
    <test started-at="2020-09-04T17:14:02Z" name="Dispose" finished-at="2020-09-04T17:14:22Z" duration-ms="20378">
      <class name="com.froalacharts.apitest.Dispose">
        <test-method is-config="true" signature="setUp()[pri:0, instance:com.froalacharts.apitest.Dispose@8dbdac1]" started-at="2020-09-04T22:44:02Z" name="setUp" finished-at="2020-09-04T22:44:10Z" duration-ms="7980" status="PASS">
          <reporter-output>
          </reporter-output>
        </test-method> <!-- setUp -->
        <test-method signature="dispose()[pri:0, instance:com.froalacharts.apitest.Dispose@8dbdac1]" started-at="2020-09-04T22:44:10Z" name="dispose" finished-at="2020-09-04T22:44:18Z" duration-ms="8221" status="PASS">
          <reporter-output>
          </reporter-output>
        </test-method> <!-- dispose -->
        <test-method is-config="true" signature="shutDown()[pri:0, instance:com.froalacharts.apitest.Dispose@8dbdac1]" started-at="2020-09-04T22:44:18Z" name="shutDown" finished-at="2020-09-04T22:44:22Z" duration-ms="4175" status="PASS">
          <reporter-output>
          </reporter-output>
        </test-method> <!-- shutDown -->
      </class> <!-- com.froalacharts.apitest.Dispose -->
    </test> <!-- Dispose -->
    <test started-at="2020-09-04T17:14:22Z" name="GetChartData" finished-at="2020-09-04T17:14:34Z" duration-ms="11760">
      <class name="com.froalacharts.apitest.GetChartData">
        <test-method is-config="true" signature="setUp()[pri:0, instance:com.froalacharts.apitest.GetChartData@5af3afd9]" started-at="2020-09-04T22:44:22Z" name="setUp" finished-at="2020-09-04T22:44:30Z" duration-ms="7570" status="PASS">
          <reporter-output>
          </reporter-output>
        </test-method> <!-- setUp -->
        <test-method signature="getChartData()[pri:0, instance:com.froalacharts.apitest.GetChartData@5af3afd9]" started-at="2020-09-04T22:44:30Z" name="getChartData" finished-at="2020-09-04T22:44:30Z" duration-ms="51" status="PASS">
          <reporter-output>
          </reporter-output>
        </test-method> <!-- getChartData -->
        <test-method is-config="true" signature="shutDown()[pri:0, instance:com.froalacharts.apitest.GetChartData@5af3afd9]" started-at="2020-09-04T22:44:30Z" name="shutDown" finished-at="2020-09-04T22:44:34Z" duration-ms="4136" status="PASS">
          <reporter-output>
          </reporter-output>
        </test-method> <!-- shutDown -->
      </class> <!-- com.froalacharts.apitest.GetChartData -->
    </test> <!-- GetChartData -->
    <test started-at="2020-09-04T17:14:34Z" name="SetChartData" finished-at="2020-09-04T17:14:59Z" duration-ms="24848">
      <class name="com.froalacharts.apitest.SetChartData">
        <test-method is-config="true" signature="setUp()[pri:0, instance:com.froalacharts.apitest.SetChartData@4f6ee6e4]" started-at="2020-09-04T22:44:34Z" name="setUp" finished-at="2020-09-04T22:44:42Z" duration-ms="7581" status="PASS">
          <reporter-output>
          </reporter-output>
        </test-method> <!-- setUp -->
        <test-method signature="setChartData()[pri:0, instance:com.froalacharts.apitest.SetChartData@4f6ee6e4]" started-at="2020-09-04T22:44:42Z" name="setChartData" finished-at="2020-09-04T22:44:55Z" duration-ms="12637" status="FAIL">
          <exception class="javax.imageio.IIOException">
            <message>
              <![CDATA[Can't create an ImageOutputStream!]]>
            </message>
            <full-stacktrace>
              <![CDATA[javax.imageio.IIOException: Can't create an ImageOutputStream!
	at java.desktop/javax.imageio.ImageIO.write(ImageIO.java:1551)
	at com.froalacharts.main.APITestBase.capture(APITestBase.java:101)
	at com.froalacharts.apitest.SetChartData.setChartData(SetChartData.java:56)
	at java.base/jdk.internal.reflect.NativeMethodAccessorImpl.invoke0(Native Method)
	at java.base/jdk.internal.reflect.NativeMethodAccessorImpl.invoke(NativeMethodAccessorImpl.java:62)
	at java.base/jdk.internal.reflect.DelegatingMethodAccessorImpl.invoke(DelegatingMethodAccessorImpl.java:43)
	at java.base/java.lang.reflect.Method.invoke(Method.java:567)
	at org.testng.internal.MethodInvocationHelper.invokeMethod(MethodInvocationHelper.java:85)
	at org.testng.internal.Invoker.invokeMethod(Invoker.java:639)
	at org.testng.internal.Invoker.invokeTestMethod(Invoker.java:816)
	at org.testng.internal.Invoker.invokeTestMethods(Invoker.java:1124)
	at org.testng.internal.TestMethodWorker.invokeTestMethods(TestMethodWorker.java:125)
	at org.testng.internal.TestMethodWorker.run(TestMethodWorker.java:108)
	at org.testng.TestRunner.privateRun(TestRunner.java:774)
	at org.testng.TestRunner.run(TestRunner.java:624)
	at org.testng.SuiteRunner.runTest(SuiteRunner.java:359)
	at org.testng.SuiteRunner.runSequentially(SuiteRunner.java:354)
	at org.testng.SuiteRunner.privateRun(SuiteRunner.java:312)
	at org.testng.SuiteRunner.run(SuiteRunner.java:261)
	at org.testng.SuiteRunnerWorker.runSuite(SuiteRunnerWorker.java:52)
	at org.testng.SuiteRunnerWorker.run(SuiteRunnerWorker.java:86)
	at org.testng.TestNG.runSuitesSequentially(TestNG.java:1215)
	at org.testng.TestNG.runSuitesLocally(TestNG.java:1140)
	at org.testng.TestNG.run(TestNG.java:1048)
	at org.testng.remote.RemoteTestNG.run(RemoteTestNG.java:112)
	at org.testng.remote.RemoteTestNG.initAndRun(RemoteTestNG.java:205)
	at org.testng.remote.RemoteTestNG.main(RemoteTestNG.java:176)
]]>
            </full-stacktrace>
          </exception> <!-- javax.imageio.IIOException -->
          <reporter-output>
          </reporter-output>
        </test-method> <!-- setChartData -->
        <test-method is-config="true" signature="shutDown()[pri:0, instance:com.froalacharts.apitest.SetChartData@4f6ee6e4]" started-at="2020-09-04T22:44:55Z" name="shutDown" finished-at="2020-09-04T22:44:59Z" duration-ms="4628" status="PASS">
          <reporter-output>
          </reporter-output>
        </test-method> <!-- shutDown -->
      </class> <!-- com.froalacharts.apitest.SetChartData -->
    </test> <!-- SetChartData -->
    <test started-at="2020-09-04T17:14:59Z" name="GetObjectReference" finished-at="2020-09-04T17:15:22Z" duration-ms="22279">
      <class name="com.froalacharts.apitest.GetObjectReference">
        <test-method is-config="true" signature="setUp()[pri:0, instance:com.froalacharts.apitest.GetObjectReference@6379eb]" started-at="2020-09-04T22:44:59Z" name="setUp" finished-at="2020-09-04T22:45:07Z" duration-ms="7797" status="PASS">
          <reporter-output>
          </reporter-output>
        </test-method> <!-- setUp -->
        <test-method signature="getObjectReference()[pri:0, instance:com.froalacharts.apitest.GetObjectReference@6379eb]" started-at="2020-09-04T22:45:07Z" name="getObjectReference" finished-at="2020-09-04T22:45:17Z" duration-ms="10235" status="PASS">
          <reporter-output>
          </reporter-output>
        </test-method> <!-- getObjectReference -->
        <test-method is-config="true" signature="shutDown()[pri:0, instance:com.froalacharts.apitest.GetObjectReference@6379eb]" started-at="2020-09-04T22:45:17Z" name="shutDown" finished-at="2020-09-04T22:45:22Z" duration-ms="4245" status="PASS">
          <reporter-output>
          </reporter-output>
        </test-method> <!-- shutDown -->
      </class> <!-- com.froalacharts.apitest.GetObjectReference -->
    </test> <!-- GetObjectReference -->
    <test started-at="2020-09-04T17:15:22Z" name="GetSetChartAttribute" finished-at="2020-09-04T17:15:36Z" duration-ms="14780">
      <class name="com.froalacharts.apitest.GetSetChartAttribute">
        <test-method is-config="true" signature="setUp()[pri:0, instance:com.froalacharts.apitest.GetSetChartAttribute@6c64cb25]" started-at="2020-09-04T22:45:22Z" name="setUp" finished-at="2020-09-04T22:45:30Z" duration-ms="8455" status="PASS">
          <reporter-output>
          </reporter-output>
        </test-method> <!-- setUp -->
        <test-method signature="getSetChartAttribute()[pri:0, instance:com.froalacharts.apitest.GetSetChartAttribute@6c64cb25]" started-at="2020-09-04T22:45:30Z" name="getSetChartAttribute" finished-at="2020-09-04T22:45:32Z" duration-ms="2160" status="FAIL">
          <exception class="java.lang.AssertionError">
            <message>
              <![CDATA[button does not exist expected [true] but found [false]]]>
            </message>
            <full-stacktrace>
              <![CDATA[java.lang.AssertionError: button does not exist expected [true] but found [false]
	at org.testng.Assert.fail(Assert.java:94)
	at org.testng.Assert.failNotEquals(Assert.java:496)
	at org.testng.Assert.assertTrue(Assert.java:42)
	at com.froalacharts.apitest.GetSetChartAttribute.getSetChartAttribute(GetSetChartAttribute.java:59)
	at java.base/jdk.internal.reflect.NativeMethodAccessorImpl.invoke0(Native Method)
	at java.base/jdk.internal.reflect.NativeMethodAccessorImpl.invoke(NativeMethodAccessorImpl.java:62)
	at java.base/jdk.internal.reflect.DelegatingMethodAccessorImpl.invoke(DelegatingMethodAccessorImpl.java:43)
	at java.base/java.lang.reflect.Method.invoke(Method.java:567)
	at org.testng.internal.MethodInvocationHelper.invokeMethod(MethodInvocationHelper.java:85)
	at org.testng.internal.Invoker.invokeMethod(Invoker.java:639)
	at org.testng.internal.Invoker.invokeTestMethod(Invoker.java:816)
	at org.testng.internal.Invoker.invokeTestMethods(Invoker.java:1124)
	at org.testng.internal.TestMethodWorker.invokeTestMethods(TestMethodWorker.java:125)
	at org.testng.internal.TestMethodWorker.run(TestMethodWorker.java:108)
	at org.testng.TestRunner.privateRun(TestRunner.java:774)
	at org.testng.TestRunner.run(TestRunner.java:624)
	at org.testng.SuiteRunner.runTest(SuiteRunner.java:359)
	at org.testng.SuiteRunner.runSequentially(SuiteRunner.java:354)
	at org.testng.SuiteRunner.privateRun(SuiteRunner.java:312)
	at org.testng.SuiteRunner.run(SuiteRunner.java:261)
	at org.testng.SuiteRunnerWorker.runSuite(SuiteRunnerWorker.java:52)
	at org.testng.SuiteRunnerWorker.run(SuiteRunnerWorker.java:86)
	at org.testng.TestNG.runSuitesSequentially(TestNG.java:1215)
	at org.testng.TestNG.runSuitesLocally(TestNG.java:1140)
	at org.testng.TestNG.run(TestNG.java:1048)
	at org.testng.remote.RemoteTestNG.run(RemoteTestNG.java:112)
	at org.testng.remote.RemoteTestNG.initAndRun(RemoteTestNG.java:205)
	at org.testng.remote.RemoteTestNG.main(RemoteTestNG.java:176)
]]>
            </full-stacktrace>
          </exception> <!-- java.lang.AssertionError -->
          <reporter-output>
          </reporter-output>
        </test-method> <!-- getSetChartAttribute -->
        <test-method is-config="true" signature="shutDown()[pri:0, instance:com.froalacharts.apitest.GetSetChartAttribute@6c64cb25]" started-at="2020-09-04T22:45:32Z" name="shutDown" finished-at="2020-09-04T22:45:36Z" duration-ms="4162" status="PASS">
          <reporter-output>
          </reporter-output>
        </test-method> <!-- shutDown -->
      </class> <!-- com.froalacharts.apitest.GetSetChartAttribute -->
    </test> <!-- GetSetChartAttribute -->
    <test started-at="2020-09-04T17:15:36Z" name="GetSetCurrentBin" finished-at="2020-09-04T17:15:54Z" duration-ms="17621">
      <class name="com.froalacharts.apitest.GetSetCurrentBin">
        <test-method is-config="true" signature="setUp()[pri:0, instance:com.froalacharts.apitest.GetSetCurrentBin@478190fc]" started-at="2020-09-04T22:45:36Z" name="setUp" finished-at="2020-09-04T22:45:44Z" duration-ms="7834" status="PASS">
          <reporter-output>
          </reporter-output>
        </test-method> <!-- setUp -->
        <test-method signature="getSetCurrentBin()[pri:0, instance:com.froalacharts.apitest.GetSetCurrentBin@478190fc]" started-at="2020-09-04T22:45:44Z" name="getSetCurrentBin" finished-at="2020-09-04T22:45:50Z" duration-ms="5559" status="FAIL">
          <exception class="javax.imageio.IIOException">
            <message>
              <![CDATA[Can't create an ImageOutputStream!]]>
            </message>
            <full-stacktrace>
              <![CDATA[javax.imageio.IIOException: Can't create an ImageOutputStream!
	at java.desktop/javax.imageio.ImageIO.write(ImageIO.java:1551)
	at com.froalacharts.main.APITestBase.capture(APITestBase.java:101)
	at com.froalacharts.apitest.GetSetCurrentBin.getSetCurrentBin(GetSetCurrentBin.java:55)
	at java.base/jdk.internal.reflect.NativeMethodAccessorImpl.invoke0(Native Method)
	at java.base/jdk.internal.reflect.NativeMethodAccessorImpl.invoke(NativeMethodAccessorImpl.java:62)
	at java.base/jdk.internal.reflect.DelegatingMethodAccessorImpl.invoke(DelegatingMethodAccessorImpl.java:43)
	at java.base/java.lang.reflect.Method.invoke(Method.java:567)
	at org.testng.internal.MethodInvocationHelper.invokeMethod(MethodInvocationHelper.java:85)
	at org.testng.internal.Invoker.invokeMethod(Invoker.java:639)
	at org.testng.internal.Invoker.invokeTestMethod(Invoker.java:816)
	at org.testng.internal.Invoker.invokeTestMethods(Invoker.java:1124)
	at org.testng.internal.TestMethodWorker.invokeTestMethods(TestMethodWorker.java:125)
	at org.testng.internal.TestMethodWorker.run(TestMethodWorker.java:108)
	at org.testng.TestRunner.privateRun(TestRunner.java:774)
	at org.testng.TestRunner.run(TestRunner.java:624)
	at org.testng.SuiteRunner.runTest(SuiteRunner.java:359)
	at org.testng.SuiteRunner.runSequentially(SuiteRunner.java:354)
	at org.testng.SuiteRunner.privateRun(SuiteRunner.java:312)
	at org.testng.SuiteRunner.run(SuiteRunner.java:261)
	at org.testng.SuiteRunnerWorker.runSuite(SuiteRunnerWorker.java:52)
	at org.testng.SuiteRunnerWorker.run(SuiteRunnerWorker.java:86)
	at org.testng.TestNG.runSuitesSequentially(TestNG.java:1215)
	at org.testng.TestNG.runSuitesLocally(TestNG.java:1140)
	at org.testng.TestNG.run(TestNG.java:1048)
	at org.testng.remote.RemoteTestNG.run(RemoteTestNG.java:112)
	at org.testng.remote.RemoteTestNG.initAndRun(RemoteTestNG.java:205)
	at org.testng.remote.RemoteTestNG.main(RemoteTestNG.java:176)
]]>
            </full-stacktrace>
          </exception> <!-- javax.imageio.IIOException -->
          <reporter-output>
          </reporter-output>
        </test-method> <!-- getSetCurrentBin -->
        <test-method is-config="true" signature="shutDown()[pri:0, instance:com.froalacharts.apitest.GetSetCurrentBin@478190fc]" started-at="2020-09-04T22:45:50Z" name="shutDown" finished-at="2020-09-04T22:45:54Z" duration-ms="4224" status="PASS">
          <reporter-output>
          </reporter-output>
        </test-method> <!-- shutDown -->
      </class> <!-- com.froalacharts.apitest.GetSetCurrentBin -->
    </test> <!-- GetSetCurrentBin -->
    <test started-at="2020-09-04T17:15:54Z" name="GetSetTimeSelection" finished-at="2020-09-04T17:16:08Z" duration-ms="13395">
      <class name="com.froalacharts.apitest.GetSetTimeSelection">
        <test-method is-config="true" signature="setUp()[pri:0, instance:com.froalacharts.apitest.GetSetTimeSelection@36902638]" started-at="2020-09-04T22:45:54Z" name="setUp" finished-at="2020-09-04T22:46:03Z" duration-ms="8744" status="PASS">
          <reporter-output>
          </reporter-output>
        </test-method> <!-- setUp -->
        <test-method signature="getSetTimeSelection()[pri:0, instance:com.froalacharts.apitest.GetSetTimeSelection@36902638]" started-at="2020-09-04T22:46:03Z" name="getSetTimeSelection" finished-at="2020-09-04T22:46:03Z" duration-ms="256" status="PASS">
          <reporter-output>
          </reporter-output>
        </test-method> <!-- getSetTimeSelection -->
        <test-method is-config="true" signature="shutDown()[pri:0, instance:com.froalacharts.apitest.GetSetTimeSelection@36902638]" started-at="2020-09-04T22:46:03Z" name="shutDown" finished-at="2020-09-04T22:46:08Z" duration-ms="4393" status="PASS">
          <reporter-output>
          </reporter-output>
        </test-method> <!-- shutDown -->
      </class> <!-- com.froalacharts.apitest.GetSetTimeSelection -->
    </test> <!-- GetSetTimeSelection -->
    <test started-at="2020-09-04T17:16:08Z" name="GetSVGString" finished-at="2020-09-04T17:16:20Z" duration-ms="11972">
      <class name="com.froalacharts.apitest.GetSVGString">
        <test-method is-config="true" signature="setUp()[pri:0, instance:com.froalacharts.apitest.GetSVGString@57a3af25]" started-at="2020-09-04T22:46:08Z" name="setUp" finished-at="2020-09-04T22:46:15Z" duration-ms="7561" status="PASS">
          <reporter-output>
          </reporter-output>
        </test-method> <!-- setUp -->
        <test-method signature="getSVGString()[pri:0, instance:com.froalacharts.apitest.GetSVGString@57a3af25]" started-at="2020-09-04T22:46:15Z" name="getSVGString" finished-at="2020-09-04T22:46:15Z" duration-ms="70" status="PASS">
          <reporter-output>
          </reporter-output>
        </test-method> <!-- getSVGString -->
        <test-method is-config="true" signature="shutDown()[pri:0, instance:com.froalacharts.apitest.GetSVGString@57a3af25]" started-at="2020-09-04T22:46:15Z" name="shutDown" finished-at="2020-09-04T22:46:20Z" duration-ms="4339" status="PASS">
          <reporter-output>
          </reporter-output>
        </test-method> <!-- shutDown -->
      </class> <!-- com.froalacharts.apitest.GetSVGString -->
    </test> <!-- GetSVGString -->
    <test started-at="2020-09-04T17:16:20Z" name="LockResize" finished-at="2020-09-04T17:16:38Z" duration-ms="18613">
      <class name="com.froalacharts.apitest.LockResize">
        <test-method is-config="true" signature="setUp()[pri:0, instance:com.froalacharts.apitest.LockResize@9597028]" started-at="2020-09-04T22:46:20Z" name="setUp" finished-at="2020-09-04T22:46:29Z" duration-ms="8968" status="PASS">
          <reporter-output>
          </reporter-output>
        </test-method> <!-- setUp -->
        <test-method signature="lockResize()[pri:0, instance:com.froalacharts.apitest.LockResize@9597028]" started-at="2020-09-04T22:46:29Z" name="lockResize" finished-at="2020-09-04T22:46:34Z" duration-ms="5449" status="PASS">
          <reporter-output>
          </reporter-output>
        </test-method> <!-- lockResize -->
        <test-method is-config="true" signature="shutDown()[pri:0, instance:com.froalacharts.apitest.LockResize@9597028]" started-at="2020-09-04T22:46:34Z" name="shutDown" finished-at="2020-09-04T22:46:38Z" duration-ms="4194" status="PASS">
          <reporter-output>
          </reporter-output>
        </test-method> <!-- shutDown -->
      </class> <!-- com.froalacharts.apitest.LockResize -->
    </test> <!-- LockResize -->
    <test started-at="2020-09-04T17:16:38Z" name="ShowHideChartMessage" finished-at="2020-09-04T17:17:00Z" duration-ms="21137">
      <class name="com.froalacharts.apitest.ShowHideChartMessage">
        <test-method is-config="true" signature="setUp()[pri:0, instance:com.froalacharts.apitest.ShowHideChartMessage@747ddf94]" started-at="2020-09-04T22:46:38Z" name="setUp" finished-at="2020-09-04T22:46:48Z" duration-ms="9811" status="PASS">
          <reporter-output>
          </reporter-output>
        </test-method> <!-- setUp -->
        <test-method signature="showHideChartMessage()[pri:0, instance:com.froalacharts.apitest.ShowHideChartMessage@747ddf94]" started-at="2020-09-04T22:46:48Z" name="showHideChartMessage" finished-at="2020-09-04T22:46:55Z" duration-ms="6995" status="FAIL">
          <exception class="javax.imageio.IIOException">
            <message>
              <![CDATA[Can't create an ImageOutputStream!]]>
            </message>
            <full-stacktrace>
              <![CDATA[javax.imageio.IIOException: Can't create an ImageOutputStream!
	at java.desktop/javax.imageio.ImageIO.write(ImageIO.java:1551)
	at com.froalacharts.main.APITestBase.capture(APITestBase.java:101)
	at com.froalacharts.apitest.ShowHideChartMessage.showHideChartMessage(ShowHideChartMessage.java:58)
	at java.base/jdk.internal.reflect.NativeMethodAccessorImpl.invoke0(Native Method)
	at java.base/jdk.internal.reflect.NativeMethodAccessorImpl.invoke(NativeMethodAccessorImpl.java:62)
	at java.base/jdk.internal.reflect.DelegatingMethodAccessorImpl.invoke(DelegatingMethodAccessorImpl.java:43)
	at java.base/java.lang.reflect.Method.invoke(Method.java:567)
	at org.testng.internal.MethodInvocationHelper.invokeMethod(MethodInvocationHelper.java:85)
	at org.testng.internal.Invoker.invokeMethod(Invoker.java:639)
	at org.testng.internal.Invoker.invokeTestMethod(Invoker.java:816)
	at org.testng.internal.Invoker.invokeTestMethods(Invoker.java:1124)
	at org.testng.internal.TestMethodWorker.invokeTestMethods(TestMethodWorker.java:125)
	at org.testng.internal.TestMethodWorker.run(TestMethodWorker.java:108)
	at org.testng.TestRunner.privateRun(TestRunner.java:774)
	at org.testng.TestRunner.run(TestRunner.java:624)
	at org.testng.SuiteRunner.runTest(SuiteRunner.java:359)
	at org.testng.SuiteRunner.runSequentially(SuiteRunner.java:354)
	at org.testng.SuiteRunner.privateRun(SuiteRunner.java:312)
	at org.testng.SuiteRunner.run(SuiteRunner.java:261)
	at org.testng.SuiteRunnerWorker.runSuite(SuiteRunnerWorker.java:52)
	at org.testng.SuiteRunnerWorker.run(SuiteRunnerWorker.java:86)
	at org.testng.TestNG.runSuitesSequentially(TestNG.java:1215)
	at org.testng.TestNG.runSuitesLocally(TestNG.java:1140)
	at org.testng.TestNG.run(TestNG.java:1048)
	at org.testng.remote.RemoteTestNG.run(RemoteTestNG.java:112)
	at org.testng.remote.RemoteTestNG.initAndRun(RemoteTestNG.java:205)
	at org.testng.remote.RemoteTestNG.main(RemoteTestNG.java:176)
]]>
            </full-stacktrace>
          </exception> <!-- javax.imageio.IIOException -->
          <reporter-output>
          </reporter-output>
        </test-method> <!-- showHideChartMessage -->
        <test-method is-config="true" signature="shutDown()[pri:0, instance:com.froalacharts.apitest.ShowHideChartMessage@747ddf94]" started-at="2020-09-04T22:46:55Z" name="shutDown" finished-at="2020-09-04T22:47:00Z" duration-ms="4329" status="PASS">
          <reporter-output>
          </reporter-output>
        </test-method> <!-- shutDown -->
      </class> <!-- com.froalacharts.apitest.ShowHideChartMessage -->
    </test> <!-- ShowHideChartMessage -->
  </suite> <!-- API Regression -->
</testng-results>
