<?xml version="1.0" encoding="UTF-8"?>
<testng-results total="13" passed="13" failed="0" skipped="0">
  <reporter-output>
  </reporter-output>
  <suite started-at="2020-10-27T13:56:27Z" name="API Regression" finished-at="2020-10-27T14:00:54Z" duration-ms="266282">
    <groups>
    </groups>
    <test started-at="2020-10-27T13:56:27Z" name="ResizeTo" finished-at="2020-10-27T13:56:42Z" duration-ms="14451">
      <class name="com.froalacharts.apitest.ResizeTo">
        <test-method is-config="true" signature="setUp()[pri:0, instance:com.froalacharts.apitest.ResizeTo@8297b3a]" started-at="2020-10-27T19:26:27Z" name="setUp" finished-at="2020-10-27T19:26:35Z" duration-ms="7284" status="PASS">
          <reporter-output>
          </reporter-output>
        </test-method> <!-- setUp -->
        <test-method signature="resizeTo()[pri:0, instance:com.froalacharts.apitest.ResizeTo@8297b3a]" started-at="2020-10-27T19:26:35Z" name="resizeTo" finished-at="2020-10-27T19:26:38Z" duration-ms="3030" status="PASS">
          <reporter-output>
          </reporter-output>
        </test-method> <!-- resizeTo -->
        <test-method is-config="true" signature="shutDown()[pri:0, instance:com.froalacharts.apitest.ResizeTo@8297b3a]" started-at="2020-10-27T19:26:38Z" name="shutDown" finished-at="2020-10-27T19:26:42Z" duration-ms="4127" status="PASS">
          <reporter-output>
          </reporter-output>
        </test-method> <!-- shutDown -->
      </class> <!-- com.froalacharts.apitest.ResizeTo -->
    </test> <!-- ResizeTo -->
    <test started-at="2020-10-27T13:56:42Z" name="AddRemoveEventListener" finished-at="2020-10-27T13:57:35Z" duration-ms="52836">
      <class name="com.froalacharts.apitest.AddRemoveEventListener">
        <test-method is-config="true" signature="setUp()[pri:0, instance:com.froalacharts.apitest.AddRemoveEventListener@bccb269]" started-at="2020-10-27T19:26:42Z" name="setUp" finished-at="2020-10-27T19:26:49Z" duration-ms="7022" status="PASS">
          <reporter-output>
          </reporter-output>
        </test-method> <!-- setUp -->
        <test-method signature="addRemoveEventListener()[pri:0, instance:com.froalacharts.apitest.AddRemoveEventListener@bccb269]" started-at="2020-10-27T19:26:49Z" name="addRemoveEventListener" finished-at="2020-10-27T19:27:31Z" duration-ms="41719" status="PASS">
          <reporter-output>
          </reporter-output>
        </test-method> <!-- addRemoveEventListener -->
        <test-method is-config="true" signature="shutDown()[pri:0, instance:com.froalacharts.apitest.AddRemoveEventListener@bccb269]" started-at="2020-10-27T19:27:31Z" name="shutDown" finished-at="2020-10-27T19:27:35Z" duration-ms="4090" status="PASS">
          <reporter-output>
          </reporter-output>
        </test-method> <!-- shutDown -->
      </class> <!-- com.froalacharts.apitest.AddRemoveEventListener -->
    </test> <!-- AddRemoveEventListener -->
    <test started-at="2020-10-27T13:57:35Z" name="Clone" finished-at="2020-10-27T13:57:51Z" duration-ms="16523">
      <class name="com.froalacharts.apitest.Clone">
        <test-method is-config="true" signature="setUp()[pri:0, instance:com.froalacharts.apitest.Clone@7530ad9c]" started-at="2020-10-27T19:27:35Z" name="setUp" finished-at="2020-10-27T19:27:42Z" duration-ms="6610" status="PASS">
          <reporter-output>
          </reporter-output>
        </test-method> <!-- setUp -->
        <test-method signature="cloneAPI()[pri:0, instance:com.froalacharts.apitest.Clone@7530ad9c]" started-at="2020-10-27T19:27:42Z" name="cloneAPI" finished-at="2020-10-27T19:27:47Z" duration-ms="5693" status="PASS">
          <reporter-output>
          </reporter-output>
        </test-method> <!-- cloneAPI -->
        <test-method is-config="true" signature="shutDown()[pri:0, instance:com.froalacharts.apitest.Clone@7530ad9c]" started-at="2020-10-27T19:27:47Z" name="shutDown" finished-at="2020-10-27T19:27:51Z" duration-ms="4216" status="PASS">
          <reporter-output>
          </reporter-output>
        </test-method> <!-- shutDown -->
      </class> <!-- com.froalacharts.apitest.Clone -->
    </test> <!-- Clone -->
    <test started-at="2020-10-27T13:57:52Z" name="Dispose" finished-at="2020-10-27T13:58:10Z" duration-ms="18678">
      <class name="com.froalacharts.apitest.Dispose">
        <test-method is-config="true" signature="setUp()[pri:0, instance:com.froalacharts.apitest.Dispose@6a2f6f80]" started-at="2020-10-27T19:27:52Z" name="setUp" finished-at="2020-10-27T19:27:58Z" duration-ms="6638" status="PASS">
          <reporter-output>
          </reporter-output>
        </test-method> <!-- setUp -->
        <test-method signature="dispose()[pri:0, instance:com.froalacharts.apitest.Dispose@6a2f6f80]" started-at="2020-10-27T19:27:58Z" name="dispose" finished-at="2020-10-27T19:28:06Z" duration-ms="8107" status="PASS">
          <reporter-output>
          </reporter-output>
        </test-method> <!-- dispose -->
        <test-method is-config="true" signature="shutDown()[pri:0, instance:com.froalacharts.apitest.Dispose@6a2f6f80]" started-at="2020-10-27T19:28:06Z" name="shutDown" finished-at="2020-10-27T19:28:10Z" duration-ms="3928" status="PASS">
          <reporter-output>
          </reporter-output>
        </test-method> <!-- shutDown -->
      </class> <!-- com.froalacharts.apitest.Dispose -->
    </test> <!-- Dispose -->
    <test started-at="2020-10-27T13:58:10Z" name="GetChartData" finished-at="2020-10-27T13:58:21Z" duration-ms="10482">
      <class name="com.froalacharts.apitest.GetChartData">
        <test-method is-config="true" signature="setUp()[pri:0, instance:com.froalacharts.apitest.GetChartData@1e178745]" started-at="2020-10-27T19:28:10Z" name="setUp" finished-at="2020-10-27T19:28:17Z" duration-ms="6474" status="PASS">
          <reporter-output>
          </reporter-output>
        </test-method> <!-- setUp -->
        <test-method signature="getChartData()[pri:0, instance:com.froalacharts.apitest.GetChartData@1e178745]" started-at="2020-10-27T19:28:17Z" name="getChartData" finished-at="2020-10-27T19:28:17Z" duration-ms="34" status="PASS">
          <reporter-output>
          </reporter-output>
        </test-method> <!-- getChartData -->
        <test-method is-config="true" signature="shutDown()[pri:0, instance:com.froalacharts.apitest.GetChartData@1e178745]" started-at="2020-10-27T19:28:17Z" name="shutDown" finished-at="2020-10-27T19:28:21Z" duration-ms="3972" status="PASS">
          <reporter-output>
          </reporter-output>
        </test-method> <!-- shutDown -->
      </class> <!-- com.froalacharts.apitest.GetChartData -->
    </test> <!-- GetChartData -->
    <test started-at="2020-10-27T13:58:21Z" name="SetChartData" finished-at="2020-10-27T13:58:45Z" duration-ms="24068">
      <class name="com.froalacharts.apitest.SetChartData">
        <test-method is-config="true" signature="setUp()[pri:0, instance:com.froalacharts.apitest.SetChartData@687e99d8]" started-at="2020-10-27T19:28:21Z" name="setUp" finished-at="2020-10-27T19:28:28Z" duration-ms="6854" status="PASS">
          <reporter-output>
          </reporter-output>
        </test-method> <!-- setUp -->
        <test-method signature="setChartData()[pri:0, instance:com.froalacharts.apitest.SetChartData@687e99d8]" started-at="2020-10-27T19:28:28Z" name="setChartData" finished-at="2020-10-27T19:28:41Z" duration-ms="13177" status="PASS">
          <reporter-output>
          </reporter-output>
        </test-method> <!-- setChartData -->
        <test-method is-config="true" signature="shutDown()[pri:0, instance:com.froalacharts.apitest.SetChartData@687e99d8]" started-at="2020-10-27T19:28:41Z" name="shutDown" finished-at="2020-10-27T19:28:45Z" duration-ms="4033" status="PASS">
          <reporter-output>
          </reporter-output>
        </test-method> <!-- shutDown -->
      </class> <!-- com.froalacharts.apitest.SetChartData -->
    </test> <!-- SetChartData -->
    <test started-at="2020-10-27T13:58:45Z" name="GetObjectReference" finished-at="2020-10-27T13:59:06Z" duration-ms="21069">
      <class name="com.froalacharts.apitest.GetObjectReference">
        <test-method is-config="true" signature="setUp()[pri:0, instance:com.froalacharts.apitest.GetObjectReference@6ab778a]" started-at="2020-10-27T19:28:45Z" name="setUp" finished-at="2020-10-27T19:28:52Z" duration-ms="6932" status="PASS">
          <reporter-output>
          </reporter-output>
        </test-method> <!-- setUp -->
        <test-method signature="getObjectReference()[pri:0, instance:com.froalacharts.apitest.GetObjectReference@6ab778a]" started-at="2020-10-27T19:28:52Z" name="getObjectReference" finished-at="2020-10-27T19:29:02Z" duration-ms="10201" status="PASS">
          <reporter-output>
          </reporter-output>
        </test-method> <!-- getObjectReference -->
        <test-method is-config="true" signature="shutDown()[pri:0, instance:com.froalacharts.apitest.GetObjectReference@6ab778a]" started-at="2020-10-27T19:29:02Z" name="shutDown" finished-at="2020-10-27T19:29:06Z" duration-ms="3934" status="PASS">
          <reporter-output>
          </reporter-output>
        </test-method> <!-- shutDown -->
      </class> <!-- com.froalacharts.apitest.GetObjectReference -->
    </test> <!-- GetObjectReference -->
    <test started-at="2020-10-27T13:59:06Z" name="GetSetChartAttribute" finished-at="2020-10-27T13:59:25Z" duration-ms="18970">
      <class name="com.froalacharts.apitest.GetSetChartAttribute">
        <test-method is-config="true" signature="setUp()[pri:0, instance:com.froalacharts.apitest.GetSetChartAttribute@7b02881e]" started-at="2020-10-27T19:29:06Z" name="setUp" finished-at="2020-10-27T19:29:13Z" duration-ms="6733" status="PASS">
          <reporter-output>
          </reporter-output>
        </test-method> <!-- setUp -->
        <test-method signature="getSetChartAttribute()[pri:0, instance:com.froalacharts.apitest.GetSetChartAttribute@7b02881e]" started-at="2020-10-27T19:29:13Z" name="getSetChartAttribute" finished-at="2020-10-27T19:29:21Z" duration-ms="8312" status="PASS">
          <reporter-output>
          </reporter-output>
        </test-method> <!-- getSetChartAttribute -->
        <test-method is-config="true" signature="shutDown()[pri:0, instance:com.froalacharts.apitest.GetSetChartAttribute@7b02881e]" started-at="2020-10-27T19:29:21Z" name="shutDown" finished-at="2020-10-27T19:29:25Z" duration-ms="3921" status="PASS">
          <reporter-output>
          </reporter-output>
        </test-method> <!-- shutDown -->
      </class> <!-- com.froalacharts.apitest.GetSetChartAttribute -->
    </test> <!-- GetSetChartAttribute -->
    <test started-at="2020-10-27T13:59:25Z" name="GetSetCurrentBin" finished-at="2020-10-27T13:59:50Z" duration-ms="24578">
      <class name="com.froalacharts.apitest.GetSetCurrentBin">
        <test-method is-config="true" signature="setUp()[pri:0, instance:com.froalacharts.apitest.GetSetCurrentBin@6ff29830]" started-at="2020-10-27T19:29:25Z" name="setUp" finished-at="2020-10-27T19:29:32Z" duration-ms="6743" status="PASS">
          <reporter-output>
          </reporter-output>
        </test-method> <!-- setUp -->
        <test-method signature="getSetCurrentBin()[pri:0, instance:com.froalacharts.apitest.GetSetCurrentBin@6ff29830]" started-at="2020-10-27T19:29:32Z" name="getSetCurrentBin" finished-at="2020-10-27T19:29:46Z" duration-ms="13883" status="PASS">
          <reporter-output>
          </reporter-output>
        </test-method> <!-- getSetCurrentBin -->
        <test-method is-config="true" signature="shutDown()[pri:0, instance:com.froalacharts.apitest.GetSetCurrentBin@6ff29830]" started-at="2020-10-27T19:29:46Z" name="shutDown" finished-at="2020-10-27T19:29:50Z" duration-ms="3949" status="PASS">
          <reporter-output>
          </reporter-output>
        </test-method> <!-- shutDown -->
      </class> <!-- com.froalacharts.apitest.GetSetCurrentBin -->
    </test> <!-- GetSetCurrentBin -->
    <test started-at="2020-10-27T13:59:50Z" name="GetSetTimeSelection" finished-at="2020-10-27T14:00:01Z" duration-ms="10997">
      <class name="com.froalacharts.apitest.GetSetTimeSelection">
        <test-method is-config="true" signature="setUp()[pri:0, instance:com.froalacharts.apitest.GetSetTimeSelection@21b2e768]" started-at="2020-10-27T19:29:50Z" name="setUp" finished-at="2020-10-27T19:29:57Z" duration-ms="6947" status="PASS">
          <reporter-output>
          </reporter-output>
        </test-method> <!-- setUp -->
        <test-method signature="getSetTimeSelection()[pri:0, instance:com.froalacharts.apitest.GetSetTimeSelection@21b2e768]" started-at="2020-10-27T19:29:57Z" name="getSetTimeSelection" finished-at="2020-10-27T19:29:57Z" duration-ms="195" status="PASS">
          <reporter-output>
          </reporter-output>
        </test-method> <!-- getSetTimeSelection -->
        <test-method is-config="true" signature="shutDown()[pri:0, instance:com.froalacharts.apitest.GetSetTimeSelection@21b2e768]" started-at="2020-10-27T19:29:57Z" name="shutDown" finished-at="2020-10-27T19:30:01Z" duration-ms="3854" status="PASS">
          <reporter-output>
          </reporter-output>
        </test-method> <!-- shutDown -->
      </class> <!-- com.froalacharts.apitest.GetSetTimeSelection -->
    </test> <!-- GetSetTimeSelection -->
    <test started-at="2020-10-27T14:00:01Z" name="GetSVGString" finished-at="2020-10-27T14:00:11Z" duration-ms="10559">
      <class name="com.froalacharts.apitest.GetSVGString">
        <test-method is-config="true" signature="setUp()[pri:0, instance:com.froalacharts.apitest.GetSVGString@fa36558]" started-at="2020-10-27T19:30:01Z" name="setUp" finished-at="2020-10-27T19:30:07Z" duration-ms="6551" status="PASS">
          <reporter-output>
          </reporter-output>
        </test-method> <!-- setUp -->
        <test-method signature="getSVGString()[pri:0, instance:com.froalacharts.apitest.GetSVGString@fa36558]" started-at="2020-10-27T19:30:07Z" name="getSVGString" finished-at="2020-10-27T19:30:07Z" duration-ms="36" status="PASS">
          <reporter-output>
          </reporter-output>
        </test-method> <!-- getSVGString -->
        <test-method is-config="true" signature="shutDown()[pri:0, instance:com.froalacharts.apitest.GetSVGString@fa36558]" started-at="2020-10-27T19:30:07Z" name="shutDown" finished-at="2020-10-27T19:30:11Z" duration-ms="3972" status="PASS">
          <reporter-output>
          </reporter-output>
        </test-method> <!-- shutDown -->
      </class> <!-- com.froalacharts.apitest.GetSVGString -->
    </test> <!-- GetSVGString -->
    <test started-at="2020-10-27T14:00:11Z" name="LockResize" finished-at="2020-10-27T14:00:28Z" duration-ms="16988">
      <class name="com.froalacharts.apitest.LockResize">
        <test-method is-config="true" signature="setUp()[pri:0, instance:com.froalacharts.apitest.LockResize@7748410a]" started-at="2020-10-27T19:30:11Z" name="setUp" finished-at="2020-10-27T19:30:19Z" duration-ms="7567" status="PASS">
          <reporter-output>
          </reporter-output>
        </test-method> <!-- setUp -->
        <test-method signature="lockResize()[pri:0, instance:com.froalacharts.apitest.LockResize@7748410a]" started-at="2020-10-27T19:30:19Z" name="lockResize" finished-at="2020-10-27T19:30:24Z" duration-ms="5433" status="PASS">
          <reporter-output>
          </reporter-output>
        </test-method> <!-- lockResize -->
        <test-method is-config="true" signature="shutDown()[pri:0, instance:com.froalacharts.apitest.LockResize@7748410a]" started-at="2020-10-27T19:30:24Z" name="shutDown" finished-at="2020-10-27T19:30:28Z" duration-ms="3986" status="PASS">
          <reporter-output>
          </reporter-output>
        </test-method> <!-- shutDown -->
      </class> <!-- com.froalacharts.apitest.LockResize -->
    </test> <!-- LockResize -->
    <test started-at="2020-10-27T14:00:28Z" name="ShowHideChartMessage" finished-at="2020-10-27T14:00:54Z" duration-ms="25438">
      <class name="com.froalacharts.apitest.ShowHideChartMessage">
        <test-method is-config="true" signature="setUp()[pri:0, instance:com.froalacharts.apitest.ShowHideChartMessage@2a266d09]" started-at="2020-10-27T19:30:28Z" name="setUp" finished-at="2020-10-27T19:30:36Z" duration-ms="7898" status="PASS">
          <reporter-output>
          </reporter-output>
        </test-method> <!-- setUp -->
        <test-method signature="showHideChartMessage()[pri:0, instance:com.froalacharts.apitest.ShowHideChartMessage@2a266d09]" started-at="2020-10-27T19:30:36Z" name="showHideChartMessage" finished-at="2020-10-27T19:30:50Z" duration-ms="13547" status="PASS">
          <reporter-output>
          </reporter-output>
        </test-method> <!-- showHideChartMessage -->
        <test-method is-config="true" signature="shutDown()[pri:0, instance:com.froalacharts.apitest.ShowHideChartMessage@2a266d09]" started-at="2020-10-27T19:30:50Z" name="shutDown" finished-at="2020-10-27T19:30:54Z" duration-ms="3991" status="PASS">
          <reporter-output>
          </reporter-output>
        </test-method> <!-- shutDown -->
      </class> <!-- com.froalacharts.apitest.ShowHideChartMessage -->
    </test> <!-- ShowHideChartMessage -->
  </suite> <!-- API Regression -->
</testng-results>
